<?xml version="1.0" encoding="UTF-8"?>
<!-- Generated by org.testng.reporters.JUnitReportReporter -->
<testsuite hostname="INLEN8520057570" failures="0" tests="3" name="Test.CarLoan" time="0.011" errors="0" timestamp="2024-05-11T12:05:45 IST" skipped="0">
  <testcase classname="Test.CarLoan" name="WebLoginCarLoan" time="0.003"/>
  <system-out/>
  <testcase classname="Test.CarLoan" name="MobileLoginCarLoan" time="0.002"/>
  <system-out/>
  <testcase classname="Test.CarLoan" name="LoginAPICarLoan" time="0.006"/>
  <system-out/>
</testsuite> <!-- Test.CarLoan -->
