<?xml version="1.0" encoding="UTF-8"?>
<!-- Generated by org.testng.reporters.JUnitReportReporter -->
<testsuite hostname="INLEN8520057570" failures="0" tests="1" name="Test.TestNGMultipleWindow" time="6.526" errors="0" timestamp="2024-05-16T22:59:40 IST" skipped="0">
  <testcase classname="Test.TestNGMultipleWindow" name="MultipleWindow" time="6.526"/>
  <system-out/>
</testsuite> <!-- Test.TestNGMultipleWindow -->
