<?xml version="1.0" encoding="UTF-8"?>
<!-- Generated by org.testng.reporters.JUnitReportReporter -->
<testsuite hostname="INLEN8520057570" failures="0" tests="1" name="javafunctions.PS1" time="0.012" errors="0" timestamp="2024-05-17T19:45:44 IST" skipped="0">
  <testcase classname="javafunctions.PS1" name="testRun" time="0.012"/>
  <system-out/>
</testsuite> <!-- javafunctions.PS1 -->
