<?xml version="1.0" encoding="UTF-8"?>
<!-- Generated by org.testng.reporters.JUnitReportReporter -->
<testsuite hostname="INLEN8520057570" failures="0" tests="2" name="Test.TestNGDemo1" time="0.004" errors="0" timestamp="2024-05-13T18:36:03 IST" skipped="0">
  <testcase classname="Test.TestNGDemo1" name="Demo1" time="0.000"/>
  <system-out/>
  <testcase classname="Test.TestNGDemo1" name="Demo" time="0.004"/>
  <system-out/>
</testsuite> <!-- Test.TestNGDemo1 -->
